0 verbose cli C:\Program Files\nodejs\node.exe C:\Users\HP\AppData\Roaming\npm\node_modules\npm\bin\npm-cli.js
1 info using npm@10.2.1
2 info using node@v20.9.0
3 timing npm:load:whichnode Completed in 2ms
4 timing config:load:defaults Completed in 2ms
5 timing config:load:file:C:\Users\HP\AppData\Roaming\npm\node_modules\npm\npmrc Completed in 4ms
6 timing config:load:builtin Completed in 4ms
7 timing config:load:cli Completed in 2ms
8 timing config:load:env Completed in 0ms
9 timing config:load:file:C:\Coding\.npmrc Completed in 0ms
10 timing config:load:project Completed in 2ms
11 timing config:load:file:C:\Users\HP\.npmrc Completed in 1ms
12 timing config:load:user Completed in 1ms
13 timing config:load:file:C:\Users\HP\AppData\Roaming\npm\etc\npmrc Completed in 1ms
14 timing config:load:global Completed in 1ms
15 timing config:load:setEnvs Completed in 1ms
16 timing config:load Completed in 13ms
17 timing npm:load:configload Completed in 14ms
18 timing config:load:flatten Completed in 2ms
19 timing npm:load:mkdirpcache Completed in 1ms
20 timing npm:load:mkdirplogs Completed in 0ms
21 verbose title npm install tailwindcss
22 verbose argv "install" "--save-dev" "tailwindcss"
23 timing npm:load:setTitle Completed in 0ms
24 timing npm:load:display Completed in 1ms
25 verbose logfile logs-max:10 dir:C:\Coding\UsersHPAppDataRoamingnpm-cache\_logs\2023-10-31T12_12_17_208Z-
26 verbose logfile C:\Coding\UsersHPAppDataRoamingnpm-cache\_logs\2023-10-31T12_12_17_208Z-debug-0.log
27 timing npm:load:logFile Completed in 8ms
28 timing npm:load:timers Completed in 0ms
29 timing npm:load:configScope Completed in 0ms
30 timing npm:load Completed in 51ms
31 timing config:load:flatten Completed in 0ms
32 timing arborist:ctor Completed in 0ms
33 silly logfile done cleaning log files
34 timing arborist:ctor Completed in 0ms
35 timing idealTree:init Completed in 7ms
36 timing idealTree:userRequests Completed in 1ms
37 silly idealTree buildDeps
38 silly fetch manifest tailwindcss@*
39 http fetch GET 200 https://registry.npmjs.org/npm 1331ms (cache miss)
40 http fetch GET 200 https://registry.npmjs.org/tailwindcss 1884ms (cache miss)
41 silly placeDep ROOT tailwindcss@3.3.5 OK for:  want: *
42 silly fetch manifest @alloc/quick-lru@^5.2.0
43 silly fetch manifest arg@^5.0.2
44 silly fetch manifest chokidar@^3.5.3
45 silly fetch manifest didyoumean@^1.2.2
46 silly fetch manifest dlv@^1.1.3
47 silly fetch manifest fast-glob@^3.3.0
48 silly fetch manifest glob-parent@^6.0.2
49 silly fetch manifest is-glob@^4.0.3
50 silly fetch manifest jiti@^1.19.1
51 silly fetch manifest lilconfig@^2.1.0
52 silly fetch manifest micromatch@^4.0.5
53 silly fetch manifest normalize-path@^3.0.0
54 silly fetch manifest object-hash@^3.0.0
55 silly fetch manifest picocolors@^1.0.0
56 silly fetch manifest postcss@^8.4.23
57 silly fetch manifest postcss-import@^15.1.0
58 silly fetch manifest postcss-js@^4.0.1
59 silly fetch manifest postcss-load-config@^4.0.1
60 silly fetch manifest postcss-nested@^6.0.1
61 silly fetch manifest postcss-selector-parser@^6.0.11
62 silly fetch manifest resolve@^1.22.2
63 silly fetch manifest sucrase@^3.32.0
64 http fetch GET 200 https://registry.npmjs.org/arg 122ms (cache miss)
65 http fetch GET 200 https://registry.npmjs.org/glob-parent 233ms (cache miss)
66 http fetch GET 200 https://registry.npmjs.org/jiti 299ms (cache miss)
67 http fetch GET 200 https://registry.npmjs.org/picocolors 301ms (cache miss)
68 http fetch GET 200 https://registry.npmjs.org/is-glob 307ms (cache miss)
69 http fetch GET 200 https://registry.npmjs.org/normalize-path 324ms (cache miss)
70 http fetch GET 200 https://registry.npmjs.org/postcss-js 325ms (cache miss)
71 http fetch GET 200 https://registry.npmjs.org/lilconfig 331ms (cache miss)
72 http fetch GET 200 https://registry.npmjs.org/postcss-load-config 332ms (cache miss)
73 http fetch GET 200 https://registry.npmjs.org/resolve 336ms (cache miss)
74 http fetch GET 200 https://registry.npmjs.org/micromatch 345ms (cache miss)
75 http fetch GET 200 https://registry.npmjs.org/postcss-import 347ms (cache miss)
76 http fetch GET 200 https://registry.npmjs.org/didyoumean 381ms (cache miss)
77 http fetch GET 200 https://registry.npmjs.org/object-hash 379ms (cache miss)
78 http fetch GET 200 https://registry.npmjs.org/postcss-nested 387ms (cache miss)
79 http fetch GET 200 https://registry.npmjs.org/sucrase 417ms (cache miss)
80 http fetch GET 200 https://registry.npmjs.org/postcss 475ms (cache miss)
81 http fetch GET 200 https://registry.npmjs.org/@alloc%2fquick-lru 498ms (cache miss)
82 http fetch GET 200 https://registry.npmjs.org/chokidar 508ms (cache miss)
83 http fetch GET 200 https://registry.npmjs.org/fast-glob 574ms (cache miss)
84 http fetch GET 200 https://registry.npmjs.org/postcss-selector-parser 1109ms (cache miss)
85 http fetch GET 200 https://registry.npmjs.org/dlv 1118ms (cache miss)
86 timing idealTree:#root Completed in 3027ms
87 silly fetch manifest ts-node@>=9.0.0
88 http fetch GET 200 https://registry.npmjs.org/ts-node 105ms (cache miss)
89 silly fetch manifest @swc/core@>=1.2.50
90 http fetch GET 200 https://registry.npmjs.org/@swc%2fcore 580ms (cache miss)
91 silly fetch manifest @swc/helpers@^0.5.0
92 http fetch GET 200 https://registry.npmjs.org/@swc%2fhelpers 420ms (cache miss)
93 silly fetch manifest @swc/wasm@>=1.2.50
94 http fetch GET 200 https://registry.npmjs.org/@swc%2fwasm 510ms (cache miss)
95 silly fetch manifest @types/node@*
96 http fetch GET 200 https://registry.npmjs.org/@types%2fnode 251ms (cache miss)
97 silly fetch manifest typescript@>=2.7
98 http fetch GET 200 https://registry.npmjs.org/typescript 1768ms (cache miss)
99 silly placeDep ROOT @alloc/quick-lru@5.2.0 OK for: tailwindcss@3.3.5 want: ^5.2.0
100 silly placeDep ROOT arg@5.0.2 OK for: tailwindcss@3.3.5 want: ^5.0.2
101 silly placeDep ROOT chokidar@3.5.3 OK for: tailwindcss@3.3.5 want: ^3.5.3
102 silly fetch manifest anymatch@~3.1.2
103 silly fetch manifest braces@~3.0.2
104 silly fetch manifest glob-parent@~5.1.2
105 silly fetch manifest is-binary-path@~2.1.0
106 silly fetch manifest is-glob@~4.0.1
107 silly fetch manifest normalize-path@~3.0.0
108 silly fetch manifest readdirp@~3.6.0
109 silly fetch manifest fsevents@~2.3.2
110 silly placeDep ROOT didyoumean@1.2.2 OK for: tailwindcss@3.3.5 want: ^1.2.2
111 silly placeDep ROOT dlv@1.1.3 OK for: tailwindcss@3.3.5 want: ^1.1.3
112 silly placeDep ROOT fast-glob@3.3.1 OK for: tailwindcss@3.3.5 want: ^3.3.0
113 silly fetch manifest @nodelib/fs.stat@^2.0.2
114 silly fetch manifest @nodelib/fs.walk@^1.2.3
115 silly fetch manifest glob-parent@^5.1.2
116 silly fetch manifest merge2@^1.3.0
117 silly fetch manifest micromatch@^4.0.4
118 silly placeDep ROOT glob-parent@6.0.2 OK for: tailwindcss@3.3.5 want: ^6.0.2
119 silly placeDep ROOT is-glob@4.0.3 OK for: tailwindcss@3.3.5 want: ^4.0.3
120 silly fetch manifest is-extglob@^2.1.1
121 silly placeDep ROOT jiti@1.21.0 OK for: tailwindcss@3.3.5 want: ^1.19.1
122 silly placeDep ROOT lilconfig@2.1.0 OK for: tailwindcss@3.3.5 want: ^2.1.0
123 silly placeDep ROOT micromatch@4.0.5 OK for: tailwindcss@3.3.5 want: ^4.0.5
124 silly fetch manifest braces@^3.0.2
125 silly fetch manifest picomatch@^2.3.1
126 silly placeDep ROOT normalize-path@3.0.0 OK for: tailwindcss@3.3.5 want: ^3.0.0
127 silly placeDep ROOT object-hash@3.0.0 OK for: tailwindcss@3.3.5 want: ^3.0.0
128 silly placeDep ROOT picocolors@1.0.0 OK for: tailwindcss@3.3.5 want: ^1.0.0
129 silly placeDep ROOT postcss@8.4.31 OK for: tailwindcss@3.3.5 want: ^8.4.23
130 silly fetch manifest nanoid@^3.3.6
131 silly fetch manifest source-map-js@^1.0.2
132 silly placeDep ROOT postcss-import@15.1.0 OK for: tailwindcss@3.3.5 want: ^15.1.0
133 silly fetch manifest postcss-value-parser@^4.0.0
134 silly fetch manifest read-cache@^1.0.0
135 silly fetch manifest resolve@^1.1.7
136 silly placeDep ROOT postcss-js@4.0.1 OK for: tailwindcss@3.3.5 want: ^4.0.1
137 silly fetch manifest camelcase-css@^2.0.1
138 silly placeDep ROOT postcss-load-config@4.0.1 OK for: tailwindcss@3.3.5 want: ^4.0.1
139 silly fetch manifest yaml@^2.1.1
140 silly placeDep ROOT postcss-nested@6.0.1 OK for: tailwindcss@3.3.5 want: ^6.0.1
141 silly placeDep ROOT postcss-selector-parser@6.0.13 OK for: tailwindcss@3.3.5 want: ^6.0.11
142 silly fetch manifest cssesc@^3.0.0
143 silly fetch manifest util-deprecate@^1.0.2
144 silly placeDep ROOT resolve@1.22.8 OK for: tailwindcss@3.3.5 want: ^1.22.2
145 silly fetch manifest is-core-module@^2.13.0
146 silly fetch manifest path-parse@^1.0.7
147 silly fetch manifest supports-preserve-symlinks-flag@^1.0.0
148 silly placeDep ROOT sucrase@3.34.0 OK for: tailwindcss@3.3.5 want: ^3.32.0
149 silly fetch manifest @jridgewell/gen-mapping@^0.3.2
150 silly fetch manifest commander@^4.0.0
151 silly fetch manifest glob@7.1.6
152 silly fetch manifest lines-and-columns@^1.1.6
153 silly fetch manifest mz@^2.7.0
154 silly fetch manifest pirates@^4.0.1
155 silly fetch manifest ts-interface-checker@^0.1.9
156 http fetch GET 200 https://registry.npmjs.org/braces 93ms (cache miss)
157 http fetch GET 200 https://registry.npmjs.org/is-extglob 88ms (cache miss)
158 http fetch GET 200 https://registry.npmjs.org/anymatch 100ms (cache miss)
159 http fetch GET 200 https://registry.npmjs.org/braces 168ms (cache miss)
160 http fetch GET 200 https://registry.npmjs.org/picomatch 170ms (cache miss)
161 http fetch GET 200 https://registry.npmjs.org/fsevents 180ms (cache miss)
162 http fetch GET 200 https://registry.npmjs.org/source-map-js 185ms (cache miss)
163 http fetch GET 200 https://registry.npmjs.org/read-cache 205ms (cache miss)
164 http fetch GET 200 https://registry.npmjs.org/merge2 217ms (cache miss)
165 http fetch GET 200 https://registry.npmjs.org/is-binary-path 222ms (cache miss)
166 http fetch GET 200 https://registry.npmjs.org/camelcase-css 208ms (cache miss)
167 http fetch GET 200 https://registry.npmjs.org/nanoid 213ms (cache miss)
168 http fetch GET 200 https://registry.npmjs.org/postcss-value-parser 213ms (cache miss)
169 http fetch GET 200 https://registry.npmjs.org/@nodelib%2ffs.stat 224ms (cache miss)
170 http fetch GET 200 https://registry.npmjs.org/cssesc 208ms (cache miss)
171 http fetch GET 200 https://registry.npmjs.org/@nodelib%2ffs.walk 225ms (cache miss)
172 http fetch GET 200 https://registry.npmjs.org/readdirp 230ms (cache miss)
173 http fetch GET 200 https://registry.npmjs.org/yaml 264ms (cache miss)
174 http fetch GET 200 https://registry.npmjs.org/util-deprecate 272ms (cache miss)
175 http fetch GET 200 https://registry.npmjs.org/path-parse 269ms (cache miss)
176 http fetch GET 200 https://registry.npmjs.org/supports-preserve-symlinks-flag 270ms (cache miss)
177 http fetch GET 200 https://registry.npmjs.org/is-core-module 274ms (cache miss)
178 http fetch GET 200 https://registry.npmjs.org/commander 275ms (cache miss)
179 http fetch GET 200 https://registry.npmjs.org/@jridgewell%2fgen-mapping 281ms (cache miss)
180 http fetch GET 200 https://registry.npmjs.org/glob 283ms (cache miss)
181 http fetch GET 200 https://registry.npmjs.org/pirates 344ms (cache miss)
182 http fetch GET 200 https://registry.npmjs.org/ts-interface-checker 1010ms (cache miss)
183 http fetch GET 200 https://registry.npmjs.org/mz 1085ms (cache miss)
184 http fetch GET 200 https://registry.npmjs.org/lines-and-columns 1175ms (cache miss)
185 timing idealTree:node_modules/tailwindcss Completed in 4914ms
186 timing idealTree:node_modules/@alloc/quick-lru Completed in 0ms
187 timing idealTree:node_modules/arg Completed in 0ms
188 silly placeDep ROOT anymatch@3.1.3 OK for: chokidar@3.5.3 want: ~3.1.2
189 silly fetch manifest picomatch@^2.0.4
190 silly placeDep ROOT braces@3.0.2 OK for: chokidar@3.5.3 want: ~3.0.2
191 silly fetch manifest fill-range@^7.0.1
192 silly placeDep ROOT fsevents@2.3.3 OK for: chokidar@3.5.3 want: ~2.3.2
193 silly placeDep node_modules/chokidar glob-parent@5.1.2 OK for: chokidar@3.5.3 want: ~5.1.2
194 silly placeDep ROOT is-binary-path@2.1.0 OK for: chokidar@3.5.3 want: ~2.1.0
195 silly fetch manifest binary-extensions@^2.0.0
196 silly placeDep ROOT readdirp@3.6.0 OK for: chokidar@3.5.3 want: ~3.6.0
197 silly fetch manifest picomatch@^2.2.1
198 http fetch GET 200 https://registry.npmjs.org/fill-range 93ms (cache miss)
199 http fetch GET 200 https://registry.npmjs.org/binary-extensions 95ms (cache miss)
200 timing idealTree:node_modules/chokidar Completed in 102ms
201 silly placeDep ROOT picomatch@2.3.1 OK for: anymatch@3.1.3 want: ^2.0.4
202 timing idealTree:node_modules/anymatch Completed in 2ms
203 silly placeDep ROOT fill-range@7.0.1 OK for: braces@3.0.2 want: ^7.0.1
204 silly fetch manifest to-regex-range@^5.0.1
205 http fetch GET 200 https://registry.npmjs.org/to-regex-range 91ms (cache miss)
206 timing idealTree:node_modules/braces Completed in 95ms
207 timing idealTree:node_modules/didyoumean Completed in 0ms
208 timing idealTree:node_modules/dlv Completed in 0ms
209 silly placeDep ROOT @nodelib/fs.stat@2.0.5 OK for: fast-glob@3.3.1 want: ^2.0.2
210 silly placeDep ROOT @nodelib/fs.walk@1.2.8 OK for: fast-glob@3.3.1 want: ^1.2.3
211 silly fetch manifest @nodelib/fs.scandir@2.1.5
212 silly fetch manifest fastq@^1.6.0
213 silly placeDep node_modules/fast-glob glob-parent@5.1.2 OK for: fast-glob@3.3.1 want: ^5.1.2
214 silly placeDep ROOT merge2@1.4.1 OK for: fast-glob@3.3.1 want: ^1.3.0
215 http fetch GET 200 https://registry.npmjs.org/fastq 55ms (cache miss)
216 http fetch GET 200 https://registry.npmjs.org/@nodelib%2ffs.scandir 101ms (cache miss)
217 timing idealTree:node_modules/fast-glob Completed in 106ms
218 timing idealTree:node_modules/@nodelib/fs.stat Completed in 0ms
219 silly placeDep ROOT @nodelib/fs.scandir@2.1.5 OK for: @nodelib/fs.walk@1.2.8 want: 2.1.5
220 silly fetch manifest run-parallel@^1.1.9
221 silly placeDep ROOT fastq@1.15.0 OK for: @nodelib/fs.walk@1.2.8 want: ^1.6.0
222 silly fetch manifest reusify@^1.0.4
223 http fetch GET 200 https://registry.npmjs.org/reusify 81ms (cache miss)
224 http fetch GET 200 https://registry.npmjs.org/run-parallel 83ms (cache miss)
225 timing idealTree:node_modules/@nodelib/fs.walk Completed in 85ms
226 silly placeDep ROOT run-parallel@1.2.0 OK for: @nodelib/fs.scandir@2.1.5 want: ^1.1.9
227 silly fetch manifest queue-microtask@^1.2.2
228 http fetch GET 200 https://registry.npmjs.org/queue-microtask 59ms (cache miss)
229 timing idealTree:node_modules/@nodelib/fs.scandir Completed in 62ms
230 silly placeDep ROOT reusify@1.0.4 OK for: fastq@1.15.0 want: ^1.0.4
231 timing idealTree:node_modules/fastq Completed in 1ms
232 silly placeDep ROOT to-regex-range@5.0.1 OK for: fill-range@7.0.1 want: ^5.0.1
233 silly fetch manifest is-number@^7.0.0
234 http fetch GET 200 https://registry.npmjs.org/is-number 95ms (cache miss)
235 timing idealTree:node_modules/fill-range Completed in 98ms
236 timing idealTree:node_modules/fsevents Completed in 0ms
237 timing idealTree:node_modules/glob-parent Completed in 0ms
238 silly placeDep ROOT binary-extensions@2.2.0 OK for: is-binary-path@2.1.0 want: ^2.0.0
239 timing idealTree:node_modules/is-binary-path Completed in 2ms
240 timing idealTree:node_modules/binary-extensions Completed in 0ms
241 silly placeDep ROOT is-extglob@2.1.1 OK for: is-glob@4.0.3 want: ^2.1.1
242 timing idealTree:node_modules/is-glob Completed in 1ms
243 timing idealTree:node_modules/is-extglob Completed in 0ms
244 timing idealTree:node_modules/jiti Completed in 0ms
245 timing idealTree:node_modules/lilconfig Completed in 0ms
246 timing idealTree:node_modules/merge2 Completed in 0ms
247 timing idealTree:node_modules/micromatch Completed in 0ms
248 timing idealTree:node_modules/normalize-path Completed in 0ms
249 timing idealTree:node_modules/object-hash Completed in 0ms
250 timing idealTree:node_modules/picocolors Completed in 0ms
251 timing idealTree:node_modules/picomatch Completed in 0ms
252 silly placeDep ROOT nanoid@3.3.6 OK for: postcss@8.4.31 want: ^3.3.6
253 silly placeDep ROOT source-map-js@1.0.2 OK for: postcss@8.4.31 want: ^1.0.2
254 timing idealTree:node_modules/postcss Completed in 1ms
255 timing idealTree:node_modules/nanoid Completed in 0ms
256 silly placeDep ROOT postcss-value-parser@4.2.0 OK for: postcss-import@15.1.0 want: ^4.0.0
257 silly placeDep ROOT read-cache@1.0.0 OK for: postcss-import@15.1.0 want: ^1.0.0
258 silly fetch manifest pify@^2.3.0
259 http fetch GET 200 https://registry.npmjs.org/pify 160ms (cache miss)
260 timing idealTree:node_modules/postcss-import Completed in 162ms
261 silly placeDep ROOT camelcase-css@2.0.1 OK for: postcss-js@4.0.1 want: ^2.0.1
262 timing idealTree:node_modules/postcss-js Completed in 1ms
263 timing idealTree:node_modules/camelcase-css Completed in 0ms
264 silly placeDep ROOT yaml@2.3.3 OK for: postcss-load-config@4.0.1 want: ^2.1.1
265 timing idealTree:node_modules/postcss-load-config Completed in 1ms
266 timing idealTree:node_modules/postcss-nested Completed in 0ms
267 silly placeDep ROOT cssesc@3.0.0 OK for: postcss-selector-parser@6.0.13 want: ^3.0.0
268 silly placeDep ROOT util-deprecate@1.0.2 OK for: postcss-selector-parser@6.0.13 want: ^1.0.2
269 timing idealTree:node_modules/postcss-selector-parser Completed in 1ms
270 timing idealTree:node_modules/cssesc Completed in 0ms
271 timing idealTree:node_modules/postcss-value-parser Completed in 0ms
272 silly placeDep ROOT pify@2.3.0 OK for: read-cache@1.0.0 want: ^2.3.0
273 timing idealTree:node_modules/read-cache Completed in 1ms
274 timing idealTree:node_modules/pify Completed in 0ms
275 timing idealTree:node_modules/readdirp Completed in 0ms
276 silly placeDep ROOT is-core-module@2.13.1 OK for: resolve@1.22.8 want: ^2.13.0
277 silly fetch manifest hasown@^2.0.0
278 silly placeDep ROOT path-parse@1.0.7 OK for: resolve@1.22.8 want: ^1.0.7
279 silly placeDep ROOT supports-preserve-symlinks-flag@1.0.0 OK for: resolve@1.22.8 want: ^1.0.0
280 http fetch GET 200 https://registry.npmjs.org/hasown 116ms (cache miss)
281 timing idealTree:node_modules/resolve Completed in 118ms
282 silly placeDep ROOT hasown@2.0.0 OK for: is-core-module@2.13.1 want: ^2.0.0
283 silly fetch manifest function-bind@^1.1.2
284 http fetch GET 200 https://registry.npmjs.org/function-bind 73ms (cache miss)
285 timing idealTree:node_modules/is-core-module Completed in 77ms
286 silly placeDep ROOT function-bind@1.1.2 OK for: hasown@2.0.0 want: ^1.1.2
287 timing idealTree:node_modules/hasown Completed in 1ms
288 timing idealTree:node_modules/function-bind Completed in 0ms
289 timing idealTree:node_modules/path-parse Completed in 0ms
290 timing idealTree:node_modules/reusify Completed in 0ms
291 silly placeDep ROOT queue-microtask@1.2.3 OK for: run-parallel@1.2.0 want: ^1.2.2
292 timing idealTree:node_modules/run-parallel Completed in 0ms
293 timing idealTree:node_modules/queue-microtask Completed in 0ms
294 timing idealTree:node_modules/source-map-js Completed in 0ms
295 silly placeDep ROOT @jridgewell/gen-mapping@0.3.3 OK for: sucrase@3.34.0 want: ^0.3.2
296 silly fetch manifest @jridgewell/set-array@^1.0.1
297 silly fetch manifest @jridgewell/sourcemap-codec@^1.4.10
298 silly fetch manifest @jridgewell/trace-mapping@^0.3.9
299 silly placeDep ROOT commander@4.1.1 OK for: sucrase@3.34.0 want: ^4.0.0
300 silly placeDep ROOT glob@7.1.6 OK for: sucrase@3.34.0 want: 7.1.6
301 silly fetch manifest fs.realpath@^1.0.0
302 silly fetch manifest inflight@^1.0.4
303 silly fetch manifest inherits@2
304 silly fetch manifest minimatch@^3.0.4
305 silly fetch manifest once@^1.3.0
306 silly fetch manifest path-is-absolute@^1.0.0
307 silly placeDep ROOT lines-and-columns@1.2.4 OK for: sucrase@3.34.0 want: ^1.1.6
308 silly placeDep ROOT mz@2.7.0 OK for: sucrase@3.34.0 want: ^2.7.0
309 silly fetch manifest any-promise@^1.0.0
310 silly fetch manifest object-assign@^4.0.1
311 silly fetch manifest thenify-all@^1.0.0
312 silly placeDep ROOT pirates@4.0.6 OK for: sucrase@3.34.0 want: ^4.0.1
313 silly placeDep ROOT ts-interface-checker@0.1.13 OK for: sucrase@3.34.0 want: ^0.1.9
314 http fetch GET 200 https://registry.npmjs.org/minimatch 109ms (cache miss)
315 http fetch GET 200 https://registry.npmjs.org/inherits 113ms (cache miss)
316 http fetch GET 200 https://registry.npmjs.org/object-assign 111ms (cache miss)
317 http fetch GET 200 https://registry.npmjs.org/fs.realpath 118ms (cache miss)
318 http fetch GET 200 https://registry.npmjs.org/inflight 119ms (cache miss)
319 http fetch GET 200 https://registry.npmjs.org/once 119ms (cache miss)
320 http fetch GET 200 https://registry.npmjs.org/any-promise 119ms (cache miss)
321 http fetch GET 200 https://registry.npmjs.org/thenify-all 119ms (cache miss)
322 http fetch GET 200 https://registry.npmjs.org/path-is-absolute 123ms (cache miss)
323 http fetch GET 200 https://registry.npmjs.org/@jridgewell%2fsourcemap-codec 132ms (cache miss)
324 http fetch GET 200 https://registry.npmjs.org/@jridgewell%2ftrace-mapping 157ms (cache miss)
325 http fetch GET 200 https://registry.npmjs.org/@jridgewell%2fset-array 517ms (cache miss)
326 timing idealTree:node_modules/sucrase Completed in 521ms
327 silly placeDep ROOT @jridgewell/set-array@1.1.2 OK for: @jridgewell/gen-mapping@0.3.3 want: ^1.0.1
328 silly placeDep ROOT @jridgewell/sourcemap-codec@1.4.15 OK for: @jridgewell/gen-mapping@0.3.3 want: ^1.4.10
329 silly placeDep ROOT @jridgewell/trace-mapping@0.3.20 OK for: @jridgewell/gen-mapping@0.3.3 want: ^0.3.9
330 silly fetch manifest @jridgewell/resolve-uri@^3.1.0
331 http fetch GET 200 https://registry.npmjs.org/@jridgewell%2fresolve-uri 498ms (cache miss)
332 timing idealTree:node_modules/@jridgewell/gen-mapping Completed in 502ms
333 timing idealTree:node_modules/@jridgewell/set-array Completed in 0ms
334 timing idealTree:node_modules/@jridgewell/sourcemap-codec Completed in 0ms
335 silly placeDep ROOT @jridgewell/resolve-uri@3.1.1 OK for: @jridgewell/trace-mapping@0.3.20 want: ^3.1.0
336 timing idealTree:node_modules/@jridgewell/trace-mapping Completed in 1ms
337 timing idealTree:node_modules/@jridgewell/resolve-uri Completed in 0ms
338 timing idealTree:node_modules/commander Completed in 0ms
339 silly placeDep ROOT fs.realpath@1.0.0 OK for: glob@7.1.6 want: ^1.0.0
340 silly placeDep ROOT inflight@1.0.6 OK for: glob@7.1.6 want: ^1.0.4
341 silly fetch manifest wrappy@1
342 silly placeDep ROOT inherits@2.0.4 OK for: glob@7.1.6 want: 2
343 silly placeDep ROOT minimatch@3.1.2 OK for: glob@7.1.6 want: ^3.0.4
344 silly fetch manifest brace-expansion@^1.1.7
345 silly placeDep ROOT once@1.4.0 OK for: glob@7.1.6 want: ^1.3.0
346 silly placeDep ROOT path-is-absolute@1.0.1 OK for: glob@7.1.6 want: ^1.0.0
347 http fetch GET 200 https://registry.npmjs.org/wrappy 49ms (cache miss)
348 http fetch GET 200 https://registry.npmjs.org/brace-expansion 65ms (cache miss)
349 timing idealTree:node_modules/glob Completed in 71ms
350 timing idealTree:node_modules/fs.realpath Completed in 0ms
351 silly placeDep ROOT wrappy@1.0.2 OK for: inflight@1.0.6 want: 1
352 timing idealTree:node_modules/inflight Completed in 1ms
353 timing idealTree:node_modules/inherits Completed in 0ms
354 timing idealTree:node_modules/lines-and-columns Completed in 0ms
355 silly placeDep ROOT brace-expansion@1.1.11 OK for: minimatch@3.1.2 want: ^1.1.7
356 silly fetch manifest balanced-match@^1.0.0
357 silly fetch manifest concat-map@0.0.1
358 http fetch GET 200 https://registry.npmjs.org/balanced-match 50ms (cache miss)
359 http fetch GET 200 https://registry.npmjs.org/concat-map 53ms (cache miss)
360 timing idealTree:node_modules/minimatch Completed in 55ms
361 silly placeDep ROOT balanced-match@1.0.2 OK for: brace-expansion@1.1.11 want: ^1.0.0
362 silly placeDep ROOT concat-map@0.0.1 OK for: brace-expansion@1.1.11 want: 0.0.1
363 timing idealTree:node_modules/brace-expansion Completed in 3ms
364 timing idealTree:node_modules/balanced-match Completed in 1ms
365 timing idealTree:node_modules/concat-map Completed in 0ms
366 silly placeDep ROOT any-promise@1.3.0 OK for: mz@2.7.0 want: ^1.0.0
367 silly placeDep ROOT object-assign@4.1.1 OK for: mz@2.7.0 want: ^4.0.1
368 silly placeDep ROOT thenify-all@1.6.0 OK for: mz@2.7.0 want: ^1.0.0
369 silly fetch manifest thenify@>= 3.1.0 < 4
370 http fetch GET 200 https://registry.npmjs.org/thenify 1177ms (cache miss)
371 timing idealTree:node_modules/mz Completed in 1182ms
372 timing idealTree:node_modules/any-promise Completed in 0ms
373 timing idealTree:node_modules/object-assign Completed in 0ms
374 timing idealTree:node_modules/once Completed in 0ms
375 timing idealTree:node_modules/path-is-absolute Completed in 0ms
376 timing idealTree:node_modules/pirates Completed in 0ms
377 timing idealTree:node_modules/supports-preserve-symlinks-flag Completed in 0ms
378 silly placeDep ROOT thenify@3.3.1 OK for: thenify-all@1.6.0 want: >= 3.1.0 < 4
379 timing idealTree:node_modules/thenify-all Completed in 2ms
380 timing idealTree:node_modules/thenify Completed in 0ms
381 silly placeDep ROOT is-number@7.0.0 OK for: to-regex-range@5.0.1 want: ^7.0.0
382 timing idealTree:node_modules/to-regex-range Completed in 1ms
383 timing idealTree:node_modules/is-number Completed in 0ms
384 timing idealTree:node_modules/ts-interface-checker Completed in 0ms
385 timing idealTree:node_modules/util-deprecate Completed in 0ms
386 timing idealTree:node_modules/wrappy Completed in 0ms
387 timing idealTree:node_modules/yaml Completed in 0ms
388 timing idealTree:node_modules/chokidar/node_modules/glob-parent Completed in 0ms
389 timing idealTree:node_modules/fast-glob/node_modules/glob-parent Completed in 0ms
390 timing idealTree:buildDeps Completed in 11209ms
391 timing idealTree:fixDepFlags Completed in 0ms
392 timing idealTree Completed in 11219ms
393 timing reify:loadTrees Completed in 11219ms
394 timing reify:diffTrees Completed in 2ms
395 silly reify moves {}
396 timing reify:retireShallow Completed in 1ms
397 timing reify:createSparse Completed in 23ms
398 timing reify:loadBundles Completed in 0ms
399 verbose reify failed optional dependency C:\Coding\node_modules\fsevents
400 silly reify mark deleted [ 'C:\\Coding\\node_modules\\fsevents' ]
401 timing reifyNode:node_modules/fsevents Completed in 11ms
402 silly tarball no local data for object-assign@https://registry.npmjs.org/object-assign/-/object-assign-4.1.1.tgz. Extracting by manifest.
403 silly tarball no local data for thenify@https://registry.npmjs.org/thenify/-/thenify-3.3.1.tgz. Extracting by manifest.
404 silly tarball no local data for is-number@https://registry.npmjs.org/is-number/-/is-number-7.0.0.tgz. Extracting by manifest.
405 silly tarball no local data for concat-map@https://registry.npmjs.org/concat-map/-/concat-map-0.0.1.tgz. Extracting by manifest.
406 silly tarball no local data for balanced-match@https://registry.npmjs.org/balanced-match/-/balanced-match-1.0.2.tgz. Extracting by manifest.
407 silly tarball no local data for thenify-all@https://registry.npmjs.org/thenify-all/-/thenify-all-1.6.0.tgz. Extracting by manifest.
408 silly tarball no local data for any-promise@https://registry.npmjs.org/any-promise/-/any-promise-1.3.0.tgz. Extracting by manifest.
409 silly tarball no local data for brace-expansion@https://registry.npmjs.org/brace-expansion/-/brace-expansion-1.1.11.tgz. Extracting by manifest.
410 silly tarball no local data for wrappy@https://registry.npmjs.org/wrappy/-/wrappy-1.0.2.tgz. Extracting by manifest.
411 silly tarball no local data for path-is-absolute@https://registry.npmjs.org/path-is-absolute/-/path-is-absolute-1.0.1.tgz. Extracting by manifest.
412 silly tarball no local data for once@https://registry.npmjs.org/once/-/once-1.4.0.tgz. Extracting by manifest.
413 silly tarball no local data for minimatch@https://registry.npmjs.org/minimatch/-/minimatch-3.1.2.tgz. Extracting by manifest.
414 silly tarball no local data for inherits@https://registry.npmjs.org/inherits/-/inherits-2.0.4.tgz. Extracting by manifest.
415 silly tarball no local data for inflight@https://registry.npmjs.org/inflight/-/inflight-1.0.6.tgz. Extracting by manifest.
416 silly tarball no local data for fs.realpath@https://registry.npmjs.org/fs.realpath/-/fs.realpath-1.0.0.tgz. Extracting by manifest.
417 silly tarball no local data for @jridgewell/resolve-uri@https://registry.npmjs.org/@jridgewell/resolve-uri/-/resolve-uri-3.1.1.tgz. Extracting by manifest.
418 silly tarball no local data for @jridgewell/trace-mapping@https://registry.npmjs.org/@jridgewell/trace-mapping/-/trace-mapping-0.3.20.tgz. Extracting by manifest.
419 silly tarball no local data for @jridgewell/sourcemap-codec@https://registry.npmjs.org/@jridgewell/sourcemap-codec/-/sourcemap-codec-1.4.15.tgz. Extracting by manifest.
420 silly tarball no local data for @jridgewell/set-array@https://registry.npmjs.org/@jridgewell/set-array/-/set-array-1.1.2.tgz. Extracting by manifest.
421 silly tarball no local data for pirates@https://registry.npmjs.org/pirates/-/pirates-4.0.6.tgz. Extracting by manifest.
422 silly tarball no local data for ts-interface-checker@https://registry.npmjs.org/ts-interface-checker/-/ts-interface-checker-0.1.13.tgz. Extracting by manifest.
423 silly tarball no local data for mz@https://registry.npmjs.org/mz/-/mz-2.7.0.tgz. Extracting by manifest.
424 silly tarball no local data for lines-and-columns@https://registry.npmjs.org/lines-and-columns/-/lines-and-columns-1.2.4.tgz. Extracting by manifest.
425 silly tarball no local data for glob@https://registry.npmjs.org/glob/-/glob-7.1.6.tgz. Extracting by manifest.
426 silly tarball no local data for commander@https://registry.npmjs.org/commander/-/commander-4.1.1.tgz. Extracting by manifest.
427 silly tarball no local data for @jridgewell/gen-mapping@https://registry.npmjs.org/@jridgewell/gen-mapping/-/gen-mapping-0.3.3.tgz. Extracting by manifest.
428 silly tarball no local data for queue-microtask@https://registry.npmjs.org/queue-microtask/-/queue-microtask-1.2.3.tgz. Extracting by manifest.
429 silly tarball no local data for function-bind@https://registry.npmjs.org/function-bind/-/function-bind-1.1.2.tgz. Extracting by manifest.
430 silly tarball no local data for hasown@https://registry.npmjs.org/hasown/-/hasown-2.0.0.tgz. Extracting by manifest.
431 silly tarball no local data for supports-preserve-symlinks-flag@https://registry.npmjs.org/supports-preserve-symlinks-flag/-/supports-preserve-symlinks-flag-1.0.0.tgz. Extracting by manifest.
432 silly tarball no local data for path-parse@https://registry.npmjs.org/path-parse/-/path-parse-1.0.7.tgz. Extracting by manifest.
433 silly tarball no local data for is-core-module@https://registry.npmjs.org/is-core-module/-/is-core-module-2.13.1.tgz. Extracting by manifest.
434 silly tarball no local data for util-deprecate@https://registry.npmjs.org/util-deprecate/-/util-deprecate-1.0.2.tgz. Extracting by manifest.
435 silly tarball no local data for cssesc@https://registry.npmjs.org/cssesc/-/cssesc-3.0.0.tgz. Extracting by manifest.
436 silly tarball no local data for yaml@https://registry.npmjs.org/yaml/-/yaml-2.3.3.tgz. Extracting by manifest.
437 silly tarball no local data for pify@https://registry.npmjs.org/pify/-/pify-2.3.0.tgz. Extracting by manifest.
438 silly tarball no local data for read-cache@https://registry.npmjs.org/read-cache/-/read-cache-1.0.0.tgz. Extracting by manifest.
439 silly tarball no local data for camelcase-css@https://registry.npmjs.org/camelcase-css/-/camelcase-css-2.0.1.tgz. Extracting by manifest.
440 silly tarball no local data for source-map-js@https://registry.npmjs.org/source-map-js/-/source-map-js-1.0.2.tgz. Extracting by manifest.
441 silly tarball no local data for postcss-value-parser@https://registry.npmjs.org/postcss-value-parser/-/postcss-value-parser-4.2.0.tgz. Extracting by manifest.
442 silly tarball no local data for nanoid@https://registry.npmjs.org/nanoid/-/nanoid-3.3.6.tgz. Extracting by manifest.
443 silly tarball no local data for binary-extensions@https://registry.npmjs.org/binary-extensions/-/binary-extensions-2.2.0.tgz. Extracting by manifest.
444 silly tarball no local data for is-extglob@https://registry.npmjs.org/is-extglob/-/is-extglob-2.1.1.tgz. Extracting by manifest.
445 silly tarball no local data for to-regex-range@https://registry.npmjs.org/to-regex-range/-/to-regex-range-5.0.1.tgz. Extracting by manifest.
446 silly tarball no local data for reusify@https://registry.npmjs.org/reusify/-/reusify-1.0.4.tgz. Extracting by manifest.
447 silly tarball no local data for fastq@https://registry.npmjs.org/fastq/-/fastq-1.15.0.tgz. Extracting by manifest.
448 silly tarball no local data for run-parallel@https://registry.npmjs.org/run-parallel/-/run-parallel-1.2.0.tgz. Extracting by manifest.
449 silly tarball no local data for merge2@https://registry.npmjs.org/merge2/-/merge2-1.4.1.tgz. Extracting by manifest.
450 silly tarball no local data for @nodelib/fs.scandir@https://registry.npmjs.org/@nodelib/fs.scandir/-/fs.scandir-2.1.5.tgz. Extracting by manifest.
451 silly tarball no local data for @nodelib/fs.walk@https://registry.npmjs.org/@nodelib/fs.walk/-/fs.walk-1.2.8.tgz. Extracting by manifest.
452 silly tarball no local data for @nodelib/fs.stat@https://registry.npmjs.org/@nodelib/fs.stat/-/fs.stat-2.0.5.tgz. Extracting by manifest.
453 silly tarball no local data for fill-range@https://registry.npmjs.org/fill-range/-/fill-range-7.0.1.tgz. Extracting by manifest.
454 silly tarball no local data for picomatch@https://registry.npmjs.org/picomatch/-/picomatch-2.3.1.tgz. Extracting by manifest.
455 silly tarball no local data for readdirp@https://registry.npmjs.org/readdirp/-/readdirp-3.6.0.tgz. Extracting by manifest.
456 silly tarball no local data for is-binary-path@https://registry.npmjs.org/is-binary-path/-/is-binary-path-2.1.0.tgz. Extracting by manifest.
457 silly tarball no local data for anymatch@https://registry.npmjs.org/anymatch/-/anymatch-3.1.3.tgz. Extracting by manifest.
458 silly tarball no local data for sucrase@https://registry.npmjs.org/sucrase/-/sucrase-3.34.0.tgz. Extracting by manifest.
459 silly tarball no local data for braces@https://registry.npmjs.org/braces/-/braces-3.0.2.tgz. Extracting by manifest.
460 silly tarball no local data for resolve@https://registry.npmjs.org/resolve/-/resolve-1.22.8.tgz. Extracting by manifest.
461 silly tarball no local data for postcss-selector-parser@https://registry.npmjs.org/postcss-selector-parser/-/postcss-selector-parser-6.0.13.tgz. Extracting by manifest.
462 silly tarball no local data for postcss-nested@https://registry.npmjs.org/postcss-nested/-/postcss-nested-6.0.1.tgz. Extracting by manifest.
463 silly tarball no local data for postcss-load-config@https://registry.npmjs.org/postcss-load-config/-/postcss-load-config-4.0.1.tgz. Extracting by manifest.
464 silly tarball no local data for postcss-js@https://registry.npmjs.org/postcss-js/-/postcss-js-4.0.1.tgz. Extracting by manifest.
465 silly tarball no local data for postcss-import@https://registry.npmjs.org/postcss-import/-/postcss-import-15.1.0.tgz. Extracting by manifest.
466 silly tarball no local data for postcss@https://registry.npmjs.org/postcss/-/postcss-8.4.31.tgz. Extracting by manifest.
467 silly tarball no local data for picocolors@https://registry.npmjs.org/picocolors/-/picocolors-1.0.0.tgz. Extracting by manifest.
468 silly tarball no local data for normalize-path@https://registry.npmjs.org/normalize-path/-/normalize-path-3.0.0.tgz. Extracting by manifest.
469 silly tarball no local data for micromatch@https://registry.npmjs.org/micromatch/-/micromatch-4.0.5.tgz. Extracting by manifest.
470 silly tarball no local data for object-hash@https://registry.npmjs.org/object-hash/-/object-hash-3.0.0.tgz. Extracting by manifest.
471 silly tarball no local data for lilconfig@https://registry.npmjs.org/lilconfig/-/lilconfig-2.1.0.tgz. Extracting by manifest.
472 silly tarball no local data for is-glob@https://registry.npmjs.org/is-glob/-/is-glob-4.0.3.tgz. Extracting by manifest.
473 silly tarball no local data for glob-parent@https://registry.npmjs.org/glob-parent/-/glob-parent-6.0.2.tgz. Extracting by manifest.
474 silly tarball no local data for jiti@https://registry.npmjs.org/jiti/-/jiti-1.21.0.tgz. Extracting by manifest.
475 silly tarball no local data for fast-glob@https://registry.npmjs.org/fast-glob/-/fast-glob-3.3.1.tgz. Extracting by manifest.
476 silly tarball no local data for arg@https://registry.npmjs.org/arg/-/arg-5.0.2.tgz. Extracting by manifest.
477 silly tarball no local data for dlv@https://registry.npmjs.org/dlv/-/dlv-1.1.3.tgz. Extracting by manifest.
478 silly tarball no local data for @alloc/quick-lru@https://registry.npmjs.org/@alloc/quick-lru/-/quick-lru-5.2.0.tgz. Extracting by manifest.
479 silly tarball no local data for didyoumean@https://registry.npmjs.org/didyoumean/-/didyoumean-1.2.2.tgz. Extracting by manifest.
480 silly tarball no local data for chokidar@https://registry.npmjs.org/chokidar/-/chokidar-3.5.3.tgz. Extracting by manifest.
481 silly tarball no local data for tailwindcss@https://registry.npmjs.org/tailwindcss/-/tailwindcss-3.3.5.tgz. Extracting by manifest.
482 silly tarball no local data for glob-parent@https://registry.npmjs.org/glob-parent/-/glob-parent-5.1.2.tgz. Extracting by manifest.
483 silly tarball no local data for glob-parent@https://registry.npmjs.org/glob-parent/-/glob-parent-5.1.2.tgz. Extracting by manifest.
484 http fetch GET 200 https://registry.npmjs.org/concat-map/-/concat-map-0.0.1.tgz 217ms (cache miss)
485 http fetch GET 200 https://registry.npmjs.org/object-assign/-/object-assign-4.1.1.tgz 222ms (cache miss)
486 timing reifyNode:node_modules/object-assign Completed in 254ms
487 http fetch GET 200 https://registry.npmjs.org/thenify-all/-/thenify-all-1.6.0.tgz 220ms (cache miss)
488 http fetch GET 200 https://registry.npmjs.org/balanced-match/-/balanced-match-1.0.2.tgz 223ms (cache miss)
489 http fetch GET 200 https://registry.npmjs.org/wrappy/-/wrappy-1.0.2.tgz 215ms (cache miss)
490 timing reifyNode:node_modules/wrappy Completed in 258ms
491 http fetch GET 200 https://registry.npmjs.org/once/-/once-1.4.0.tgz 215ms (cache miss)
492 timing reifyNode:node_modules/once Completed in 259ms
493 http fetch GET 200 https://registry.npmjs.org/fs.realpath/-/fs.realpath-1.0.0.tgz 213ms (cache miss)
494 http fetch GET 200 https://registry.npmjs.org/brace-expansion/-/brace-expansion-1.1.11.tgz 220ms (cache miss)
495 http fetch GET 200 https://registry.npmjs.org/is-number/-/is-number-7.0.0.tgz 229ms (cache miss)
496 timing reifyNode:node_modules/is-number Completed in 263ms
497 http fetch GET 200 https://registry.npmjs.org/inflight/-/inflight-1.0.6.tgz 216ms (cache miss)
498 timing reifyNode:node_modules/inflight Completed in 263ms
499 timing reifyNode:node_modules/brace-expansion Completed in 264ms
500 http fetch GET 200 https://registry.npmjs.org/path-is-absolute/-/path-is-absolute-1.0.1.tgz 222ms (cache miss)
501 timing reifyNode:node_modules/path-is-absolute Completed in 265ms
502 http fetch GET 200 https://registry.npmjs.org/thenify/-/thenify-3.3.1.tgz 234ms (cache miss)
503 http fetch GET 200 https://registry.npmjs.org/inherits/-/inherits-2.0.4.tgz 220ms (cache miss)
504 timing reifyNode:node_modules/thenify-all Completed in 268ms
505 timing reifyNode:node_modules/inherits Completed in 268ms
506 timing reifyNode:node_modules/balanced-match Completed in 268ms
507 timing reifyNode:node_modules/fs.realpath Completed in 268ms
508 timing reifyNode:node_modules/thenify Completed in 270ms
509 timing reifyNode:node_modules/concat-map Completed in 273ms
510 http fetch GET 200 https://registry.npmjs.org/ts-interface-checker/-/ts-interface-checker-0.1.13.tgz 309ms (cache miss)
511 http fetch GET 200 https://registry.npmjs.org/@jridgewell/gen-mapping/-/gen-mapping-0.3.3.tgz 309ms (cache miss)
512 http fetch GET 200 https://registry.npmjs.org/minimatch/-/minimatch-3.1.2.tgz 317ms (cache miss)
513 http fetch GET 200 https://registry.npmjs.org/pirates/-/pirates-4.0.6.tgz 315ms (cache miss)
514 http fetch GET 200 https://registry.npmjs.org/lines-and-columns/-/lines-and-columns-1.2.4.tgz 313ms (cache miss)
515 http fetch GET 200 https://registry.npmjs.org/queue-microtask/-/queue-microtask-1.2.3.tgz 312ms (cache miss)
516 http fetch GET 200 https://registry.npmjs.org/@jridgewell/set-array/-/set-array-1.1.2.tgz 317ms (cache miss)
517 timing reifyNode:node_modules/minimatch Completed in 367ms
518 http fetch GET 200 https://registry.npmjs.org/hasown/-/hasown-2.0.0.tgz 314ms (cache miss)
519 http fetch GET 200 https://registry.npmjs.org/mz/-/mz-2.7.0.tgz 320ms (cache miss)
520 timing reifyNode:node_modules/queue-microtask Completed in 370ms
521 timing reifyNode:node_modules/lines-and-columns Completed in 372ms
522 timing reifyNode:node_modules/pirates Completed in 374ms
523 http fetch GET 200 https://registry.npmjs.org/glob/-/glob-7.1.6.tgz 334ms (cache miss)
524 timing reifyNode:node_modules/glob Completed in 387ms
525 http fetch GET 200 https://registry.npmjs.org/commander/-/commander-4.1.1.tgz 385ms (cache miss)
526 timing reifyNode:node_modules/commander Completed in 437ms
527 timing reifyNode:node_modules/@jridgewell/set-array Completed in 447ms
528 timing reifyNode:node_modules/ts-interface-checker Completed in 451ms
529 timing reifyNode:node_modules/mz Completed in 454ms
530 timing reifyNode:node_modules/hasown Completed in 455ms
531 http fetch GET 200 https://registry.npmjs.org/cssesc/-/cssesc-3.0.0.tgz 407ms (cache miss)
532 http fetch GET 200 https://registry.npmjs.org/supports-preserve-symlinks-flag/-/supports-preserve-symlinks-flag-1.0.0.tgz 410ms (cache miss)
533 http fetch GET 200 https://registry.npmjs.org/path-parse/-/path-parse-1.0.7.tgz 412ms (cache miss)
534 http fetch GET 200 https://registry.npmjs.org/function-bind/-/function-bind-1.1.2.tgz 415ms (cache miss)
535 timing reifyNode:node_modules/path-parse Completed in 467ms
536 timing reifyNode:node_modules/@jridgewell/gen-mapping Completed in 468ms
537 http fetch GET 200 https://registry.npmjs.org/postcss-value-parser/-/postcss-value-parser-4.2.0.tgz 410ms (cache miss)
538 http fetch GET 200 https://registry.npmjs.org/@jridgewell/resolve-uri/-/resolve-uri-3.1.1.tgz 421ms (cache miss)
539 http fetch GET 200 https://registry.npmjs.org/is-core-module/-/is-core-module-2.13.1.tgz 416ms (cache miss)
540 http fetch GET 200 https://registry.npmjs.org/camelcase-css/-/camelcase-css-2.0.1.tgz 414ms (cache miss)
541 http fetch GET 200 https://registry.npmjs.org/util-deprecate/-/util-deprecate-1.0.2.tgz 416ms (cache miss)
542 http fetch GET 200 https://registry.npmjs.org/pify/-/pify-2.3.0.tgz 416ms (cache miss)
543 timing reifyNode:node_modules/pify Completed in 472ms
544 timing reifyNode:node_modules/function-bind Completed in 472ms
545 timing reifyNode:node_modules/camelcase-css Completed in 476ms
546 http fetch GET 200 https://registry.npmjs.org/any-promise/-/any-promise-1.3.0.tgz 440ms (cache miss)
547 timing reifyNode:node_modules/util-deprecate Completed in 481ms
548 timing reifyNode:node_modules/cssesc Completed in 482ms
549 timing reifyNode:node_modules/any-promise Completed in 484ms
550 http fetch GET 200 https://registry.npmjs.org/@jridgewell/sourcemap-codec/-/sourcemap-codec-1.4.15.tgz 439ms (cache miss)
551 timing reifyNode:node_modules/@jridgewell/resolve-uri Completed in 489ms
552 http fetch GET 200 https://registry.npmjs.org/@jridgewell/trace-mapping/-/trace-mapping-0.3.20.tgz 441ms (cache miss)
553 timing reifyNode:node_modules/@jridgewell/sourcemap-codec Completed in 489ms
554 timing reifyNode:node_modules/postcss-value-parser Completed in 489ms
555 timing reifyNode:node_modules/@jridgewell/trace-mapping Completed in 490ms
556 timing reifyNode:node_modules/is-core-module Completed in 489ms
557 timing reifyNode:node_modules/supports-preserve-symlinks-flag Completed in 490ms
558 http fetch GET 200 https://registry.npmjs.org/binary-extensions/-/binary-extensions-2.2.0.tgz 579ms (cache miss)
559 http fetch GET 200 https://registry.npmjs.org/read-cache/-/read-cache-1.0.0.tgz 586ms (cache miss)
560 timing reifyNode:node_modules/read-cache Completed in 645ms
561 http fetch GET 200 https://registry.npmjs.org/merge2/-/merge2-1.4.1.tgz 586ms (cache miss)
562 timing reifyNode:node_modules/merge2 Completed in 648ms
563 http fetch GET 200 https://registry.npmjs.org/fill-range/-/fill-range-7.0.1.tgz 585ms (cache miss)
564 http fetch GET 200 https://registry.npmjs.org/fastq/-/fastq-1.15.0.tgz 588ms (cache miss)
565 http fetch GET 200 https://registry.npmjs.org/reusify/-/reusify-1.0.4.tgz 591ms (cache miss)
566 http fetch GET 200 https://registry.npmjs.org/to-regex-range/-/to-regex-range-5.0.1.tgz 592ms (cache miss)
567 timing reifyNode:node_modules/to-regex-range Completed in 652ms
568 http fetch GET 200 https://registry.npmjs.org/is-extglob/-/is-extglob-2.1.1.tgz 594ms (cache miss)
569 timing reifyNode:node_modules/is-extglob Completed in 653ms
570 http fetch GET 200 https://registry.npmjs.org/run-parallel/-/run-parallel-1.2.0.tgz 593ms (cache miss)
571 timing reifyNode:node_modules/run-parallel Completed in 654ms
572 timing reifyNode:node_modules/fill-range Completed in 656ms
573 http fetch GET 200 https://registry.npmjs.org/readdirp/-/readdirp-3.6.0.tgz 594ms (cache miss)
574 timing reifyNode:node_modules/readdirp Completed in 665ms
575 timing reifyNode:node_modules/binary-extensions Completed in 669ms
576 http fetch GET 200 https://registry.npmjs.org/is-binary-path/-/is-binary-path-2.1.0.tgz 606ms (cache miss)
577 http fetch GET 200 https://registry.npmjs.org/braces/-/braces-3.0.2.tgz 605ms (cache miss)
578 http fetch GET 200 https://registry.npmjs.org/postcss-nested/-/postcss-nested-6.0.1.tgz 602ms (cache miss)
579 http fetch GET 200 https://registry.npmjs.org/anymatch/-/anymatch-3.1.3.tgz 612ms (cache miss)
580 timing reifyNode:node_modules/is-binary-path Completed in 680ms
581 timing reifyNode:node_modules/postcss-nested Completed in 680ms
582 timing reifyNode:node_modules/anymatch Completed in 682ms
583 timing reifyNode:node_modules/reusify Completed in 686ms
584 http fetch GET 200 https://registry.npmjs.org/picomatch/-/picomatch-2.3.1.tgz 696ms (cache miss)
585 timing reifyNode:node_modules/braces Completed in 766ms
586 timing reifyNode:node_modules/picomatch Completed in 769ms
587 http fetch GET 200 https://registry.npmjs.org/postcss-js/-/postcss-js-4.0.1.tgz 702ms (cache miss)
588 http fetch GET 200 https://registry.npmjs.org/postcss-load-config/-/postcss-load-config-4.0.1.tgz 704ms (cache miss)
589 timing reifyNode:node_modules/fastq Completed in 776ms
590 http fetch GET 200 https://registry.npmjs.org/lilconfig/-/lilconfig-2.1.0.tgz 701ms (cache miss)
591 http fetch GET 200 https://registry.npmjs.org/normalize-path/-/normalize-path-3.0.0.tgz 705ms (cache miss)
592 http fetch GET 200 https://registry.npmjs.org/micromatch/-/micromatch-4.0.5.tgz 709ms (cache miss)
593 http fetch GET 200 https://registry.npmjs.org/glob-parent/-/glob-parent-6.0.2.tgz 706ms (cache miss)
594 timing reifyNode:node_modules/glob-parent Completed in 785ms
595 http fetch GET 200 https://registry.npmjs.org/picocolors/-/picocolors-1.0.0.tgz 714ms (cache miss)
596 timing reifyNode:node_modules/normalize-path Completed in 788ms
597 timing reifyNode:node_modules/micromatch Completed in 790ms
598 http fetch GET 200 https://registry.npmjs.org/source-map-js/-/source-map-js-1.0.2.tgz 736ms (cache miss)
599 http fetch GET 200 https://registry.npmjs.org/is-glob/-/is-glob-4.0.3.tgz 720ms (cache miss)
600 timing reifyNode:node_modules/is-glob Completed in 796ms
601 timing reifyNode:node_modules/source-map-js Completed in 804ms
602 timing reifyNode:node_modules/lilconfig Completed in 804ms
603 http fetch GET 200 https://registry.npmjs.org/object-hash/-/object-hash-3.0.0.tgz 736ms (cache miss)
604 timing reifyNode:node_modules/picocolors Completed in 814ms
605 timing reifyNode:node_modules/object-hash Completed in 815ms
606 timing reifyNode:node_modules/postcss-load-config Completed in 833ms
607 timing reifyNode:node_modules/postcss-js Completed in 841ms
608 http fetch GET 200 https://registry.npmjs.org/@nodelib/fs.scandir/-/fs.scandir-2.1.5.tgz 785ms (cache miss)
609 http fetch GET 200 https://registry.npmjs.org/arg/-/arg-5.0.2.tgz 772ms (cache miss)
610 http fetch GET 200 https://registry.npmjs.org/nanoid/-/nanoid-3.3.6.tgz 802ms (cache miss)
611 http fetch GET 200 https://registry.npmjs.org/postcss-import/-/postcss-import-15.1.0.tgz 790ms (cache miss)
612 timing reifyNode:node_modules/postcss-import Completed in 865ms
613 timing reifyNode:node_modules/nanoid Completed in 866ms
614 timing reifyNode:node_modules/arg Completed in 866ms
615 http fetch GET 200 https://registry.npmjs.org/@nodelib/fs.walk/-/fs.walk-1.2.8.tgz 811ms (cache miss)
616 timing reifyNode:node_modules/@nodelib/fs.walk Completed in 875ms
617 http fetch GET 200 https://registry.npmjs.org/didyoumean/-/didyoumean-1.2.2.tgz 869ms (cache miss)
618 http fetch GET 200 https://registry.npmjs.org/dlv/-/dlv-1.1.3.tgz 874ms (cache miss)
619 http fetch GET 200 https://registry.npmjs.org/glob-parent/-/glob-parent-5.1.2.tgz 876ms (cache miss)
620 timing reifyNode:node_modules/didyoumean Completed in 962ms
621 timing reifyNode:node_modules/fast-glob/node_modules/glob-parent Completed in 969ms
622 timing reifyNode:node_modules/@nodelib/fs.scandir Completed in 976ms
623 timing reifyNode:node_modules/dlv Completed in 982ms
624 http fetch GET 200 https://registry.npmjs.org/postcss-selector-parser/-/postcss-selector-parser-6.0.13.tgz 918ms (cache miss)
625 timing reifyNode:node_modules/postcss-selector-parser Completed in 987ms
626 http fetch GET 200 https://registry.npmjs.org/chokidar/-/chokidar-3.5.3.tgz 906ms (cache miss)
627 timing reifyNode:node_modules/chokidar Completed in 992ms
628 http fetch GET 200 https://registry.npmjs.org/glob-parent/-/glob-parent-5.1.2.tgz 942ms (cache miss)
629 http fetch GET 200 https://registry.npmjs.org/@alloc/quick-lru/-/quick-lru-5.2.0.tgz 946ms (cache miss)
630 http fetch GET 200 https://registry.npmjs.org/@nodelib/fs.stat/-/fs.stat-2.0.5.tgz 969ms (cache miss)
631 timing reifyNode:node_modules/chokidar/node_modules/glob-parent Completed in 1038ms
632 timing reifyNode:node_modules/@alloc/quick-lru Completed in 1038ms
633 timing reifyNode:node_modules/@nodelib/fs.stat Completed in 1065ms
634 http fetch GET 200 https://registry.npmjs.org/postcss/-/postcss-8.4.31.tgz 1007ms (cache miss)
635 timing reifyNode:node_modules/postcss Completed in 1081ms
636 http fetch GET 200 https://registry.npmjs.org/fast-glob/-/fast-glob-3.3.1.tgz 1035ms (cache miss)
637 timing reifyNode:node_modules/fast-glob Completed in 1118ms
638 http fetch GET 200 https://registry.npmjs.org/resolve/-/resolve-1.22.8.tgz 1084ms (cache miss)
639 timing reifyNode:node_modules/resolve Completed in 1153ms
640 http fetch GET 200 https://registry.npmjs.org/yaml/-/yaml-2.3.3.tgz 1281ms (cache miss)
641 timing reifyNode:node_modules/yaml Completed in 1338ms
642 http fetch GET 200 https://registry.npmjs.org/jiti/-/jiti-1.21.0.tgz 1263ms (cache miss)
643 timing reifyNode:node_modules/jiti Completed in 1344ms
644 http fetch GET 200 https://registry.npmjs.org/sucrase/-/sucrase-3.34.0.tgz 1294ms (cache miss)
645 timing reifyNode:node_modules/sucrase Completed in 1358ms
646 http fetch GET 200 https://registry.npmjs.org/tailwindcss/-/tailwindcss-3.3.5.tgz 1395ms (cache miss)
647 timing reifyNode:node_modules/tailwindcss Completed in 1480ms
648 timing reify:unpack Completed in 1483ms
649 timing reify:unretire Completed in 0ms
650 timing build:queue Completed in 2ms
651 timing build:link:node_modules/cssesc Completed in 15ms
652 timing build:link:node_modules/resolve Completed in 14ms
653 timing build:link:node_modules/jiti Completed in 15ms
654 timing build:link:node_modules/nanoid Completed in 15ms
655 timing build:link:node_modules/sucrase Completed in 14ms
656 timing build:link:node_modules/tailwindcss Completed in 14ms
657 timing build:link Completed in 16ms
658 timing build:deps Completed in 18ms
659 timing build Completed in 19ms
660 timing reify:build Completed in 19ms
661 timing reify:trash Completed in 0ms
662 timing reify:save Completed in 24ms
663 timing reify Completed in 12843ms
664 silly ADD node_modules/is-number
665 silly ADD node_modules/thenify
666 silly ADD node_modules/thenify-all
667 silly ADD node_modules/object-assign
668 silly ADD node_modules/any-promise
669 silly ADD node_modules/concat-map
670 silly ADD node_modules/balanced-match
671 silly ADD node_modules/brace-expansion
672 silly ADD node_modules/wrappy
673 silly ADD node_modules/path-is-absolute
674 silly ADD node_modules/once
675 silly ADD node_modules/minimatch
676 silly ADD node_modules/inherits
677 silly ADD node_modules/inflight
678 silly ADD node_modules/fs.realpath
679 silly ADD node_modules/@jridgewell/resolve-uri
680 silly ADD node_modules/@jridgewell/trace-mapping
681 silly ADD node_modules/@jridgewell/sourcemap-codec
682 silly ADD node_modules/@jridgewell/set-array
683 silly ADD node_modules/ts-interface-checker
684 silly ADD node_modules/pirates
685 silly ADD node_modules/mz
686 silly ADD node_modules/lines-and-columns
687 silly ADD node_modules/glob
688 silly ADD node_modules/commander
689 silly ADD node_modules/@jridgewell/gen-mapping
690 silly ADD node_modules/queue-microtask
691 silly ADD node_modules/function-bind
692 silly ADD node_modules/hasown
693 silly ADD node_modules/supports-preserve-symlinks-flag
694 silly ADD node_modules/path-parse
695 silly ADD node_modules/is-core-module
696 silly ADD node_modules/pify
697 silly ADD node_modules/util-deprecate
698 silly ADD node_modules/cssesc
699 silly ADD node_modules/yaml
700 silly ADD node_modules/camelcase-css
701 silly ADD node_modules/read-cache
702 silly ADD node_modules/postcss-value-parser
703 silly ADD node_modules/source-map-js
704 silly ADD node_modules/nanoid
705 silly ADD node_modules/is-extglob
706 silly ADD node_modules/binary-extensions
707 silly ADD node_modules/to-regex-range
708 silly ADD node_modules/reusify
709 silly ADD node_modules/run-parallel
710 silly ADD node_modules/fastq
711 silly ADD node_modules/@nodelib/fs.scandir
712 silly ADD node_modules/merge2
713 silly ADD node_modules/@nodelib/fs.walk
714 silly ADD node_modules/@nodelib/fs.stat
715 silly ADD node_modules/fill-range
716 silly ADD node_modules/picomatch
717 silly ADD node_modules/readdirp
718 silly ADD node_modules/is-binary-path
719 silly ADD
720 silly ADD node_modules/braces
721 silly ADD node_modules/anymatch
722 silly ADD node_modules/sucrase
723 silly ADD node_modules/resolve
724 silly ADD node_modules/postcss-selector-parser
725 silly ADD node_modules/postcss-nested
726 silly ADD node_modules/postcss-load-config
727 silly ADD node_modules/postcss-js
728 silly ADD node_modules/postcss-import
729 silly ADD node_modules/postcss
730 silly ADD node_modules/picocolors
731 silly ADD node_modules/object-hash
732 silly ADD node_modules/normalize-path
733 silly ADD node_modules/micromatch
734 silly ADD node_modules/lilconfig
735 silly ADD node_modules/jiti
736 silly ADD node_modules/is-glob
737 silly ADD node_modules/glob-parent
738 silly ADD node_modules/fast-glob
739 silly ADD node_modules/fast-glob/node_modules/glob-parent
740 silly ADD node_modules/dlv
741 silly ADD node_modules/didyoumean
742 silly ADD node_modules/chokidar
743 silly ADD node_modules/chokidar/node_modules/glob-parent
744 silly ADD node_modules/arg
745 silly ADD node_modules/@alloc/quick-lru
746 silly ADD node_modules/tailwindcss
747 timing command:install Completed in 12849ms
748 verbose exit 0
749 timing npm Completed in 13148ms
750 info ok
